LiveUI: Activating PmaToolAnnotDim
LiveUI: Deactivating PmaToolAnnotDim
LiveUI: Activating PmaToolAnnotDim
LiveUI: Deactivating PmaToolAnnotDim
LiveUI: Activating PmaToolAnnotDim
LiveUI: Deactivating PmaToolAnnotDim
LiveUI: Activating PmaToolAnnotDim
LiveUI: Deactivating PmaToolAnnotDim
LiveUI: Activating PmaToolAnnotDim
LiveUI: Deactivating PmaToolAnnotDim
LiveUI: Activating PmaToolAnnotDim
LiveUI: Deactivating PmaToolAnnotDim
LiveUI: Activating PmaToolAnnotDim
LiveUI: Deactivating PmaToolAnnotDim
LiveUI: Activating PmaToolAnnotDim
LiveUI: Deactivating PmaToolAnnotDim
LiveUI: Activating PmaToolAnnotDim
LiveUI: Deactivating PmaToolAnnotDim
LiveUI: Activating PmaToolAnnotDim
LiveUI: Deactivating PmaToolAnnotDim
LiveUI: Activating PmaToolAnnotDim
LiveUI: Deactivating PmaToolAnnotDim
LiveUI: Activating PmaToolAnnotDim
LiveUI: Deactivating PmaToolAnnotDim
LiveUI: Activating PmaToolAnnotDim
LiveUI: Deactivating PmaToolAnnotDim
LiveUI: Activating PmaToolAnnotDim
LiveUI: Deactivating PmaToolAnnotDim
LiveUI: Activating PmaToolAnnotDim
LiveUI: Deactivating PmaToolAnnotDim
LiveUI: Activating PmaToolAnnotDim
LiveUI: Deactivating PmaToolAnnotDim
LiveUI: Activating PmaToolAnnotDim
LiveUI: Deactivating PmaToolAnnotDim
LiveUI: Activating PmaToolAnnotDim
LiveUI: Deactivating PmaToolAnnotDim
LiveUI: Activating PmaToolAnnotDim
LiveUI: Deactivating PmaToolAnnotDim
LiveUI: Activating PmaToolAnnotDim
LiveUI: Deactivating PmaToolAnnotDim
LiveUI: Activating PmaToolAnnotDim
LiveUI: Deactivating PmaToolAnnotDim
LiveUI: Activating PmaToolAnnotDim
LiveUI: Deactivating PmaToolAnnotDim
LiveUI: Activating PmaToolAnnotDim
LiveUI: Deactivating PmaToolAnnotDim
LiveUI: Activating PmaToolAnnotDim
LiveUI: Deactivating PmaToolAnnotDim
LiveUI: Activating PmaToolAnnotDim
LiveUI: Deactivating PmaToolAnnotDim
LiveUI: Activating PmaToolAnnotDim
LiveUI: Deactivating PmaToolAnnotDim
LiveUI: Activating PmaToolAnnotDim
LiveUI: Deactivating PmaToolAnnotDim
LiveUI: Activating PmaToolAnnotDim
LiveUI: Deactivating PmaToolAnnotDim
LiveUI: Activating PmaToolAnnotDim
LiveUI: Deactivating PmaToolAnnotDim
LiveUI: Activating PmaToolAnnotDim
LiveUI: Deactivating PmaToolAnnotDim
LiveUI: Activating PmaToolAnnotDim
LiveUI: Deactivating PmaToolAnnotDim
LiveUI: Activating PmaToolAnnotDim
LiveUI: Deactivating PmaToolAnnotDim
LiveUI: Activating PmaToolAnnotDim
LiveUI: Deactivating PmaToolAnnotDim
LiveUI: Activating PmaToolAnnotDim
LiveUI: Deactivating PmaToolAnnotDim
LiveUI: Activating PmaToolAnnotDfs
LiveUI: Deactivating PmaToolAnnotDfs
LiveUI: Activating PmaToolAnnotDfs
LiveUI: Deactivating PmaToolAnnotDfs
LiveUI: Activating PmaToolAnnotDfs
LiveUI: Deactivating PmaToolAnnotDfs
LiveUI: Activating PmaToolAnnotDfs
LiveUI: Deactivating PmaToolAnnotDfs
LiveUI: Activating PmaToolAnnotDim
LiveUI: Deactivating PmaToolAnnotDim
LiveUI: Activating PmaToolAnnotDim
LiveUI: Deactivating PmaToolAnnotDim
LiveUI: Activating PmaToolAnnotDim
LiveUI: Deactivating PmaToolAnnotDim
LiveUI: Activating PmaToolAnnotDim
LiveUI: Deactivating PmaToolAnnotDim
LiveUI: Activating PmaToolAnnotDim
LiveUI: Deactivating PmaToolAnnotDim
LiveUI: Activating PmaToolAnnotDim
LiveUI: Deactivating PmaToolAnnotDim
LiveUI: Activating PmaToolAnnotDim
LiveUI: Deactivating PmaToolAnnotDim
LiveUI: Activating PmaToolAnnotDim
LiveUI: Deactivating PmaToolAnnotDim
LiveUI: Activating PmaToolAnnotDim
LiveUI: Deactivating PmaToolAnnotDim
LiveUI: Activating PmaToolAnnotDim
LiveUI: Deactivating PmaToolAnnotDim
LiveUI: Activating PmaToolAnnotDim
LiveUI: Deactivating PmaToolAnnotDim
LiveUI: Activating PmaToolAnnotDim
LiveUI: Deactivating PmaToolAnnotDim
LiveUI: Activating PmaToolAnnotDim
LiveUI: Deactivating PmaToolAnnotDim
LiveUI: Activating PmaToolAnnotDim
LiveUI: Deactivating PmaToolAnnotDim
LiveUI: Activating PmaToolAnnotDim
LiveUI: Deactivating PmaToolAnnotDim
LiveUI: Activating PmaToolAnnotDim
LiveUI: Deactivating PmaToolAnnotDim
LiveUI: Activating PmaToolAnnotDim
LiveUI: Deactivating PmaToolAnnotDim
LiveUI: Activating PmaToolAnnotGtol
LiveUI: Deactivating PmaToolAnnotGtol
LiveUI: Activating PmaToolAnnotGtol
LiveUI: Deactivating PmaToolAnnotGtol
LiveUI: Activating PmaToolAnnotDfs
LiveUI: Deactivating PmaToolAnnotDfs
LiveUI: Activating PmaToolAnnotDfs
LiveUI: Deactivating PmaToolAnnotDfs
LiveUI: Activating PmaToolAnnotDfs
LiveUI: Deactivating PmaToolAnnotDfs
LiveUI: Activating PmaToolAnnotDfs
LiveUI: Deactivating PmaToolAnnotDfs
LiveUI: Activating PmaToolAnnotDfs
LiveUI: Deactivating PmaToolAnnotDfs
LiveUI: Activating PmaToolAnnotDfs
LiveUI: Deactivating PmaToolAnnotDfs
LiveUI: Activating PmaToolAnnotDfs
LiveUI: Deactivating PmaToolAnnotDfs
LiveUI: Activating PmaToolAnnotDfs
LiveUI: Deactivating PmaToolAnnotDfs
LiveUI: Activating PmaToolAnnotDim
LiveUI: Deactivating PmaToolAnnotDim
LiveUI: Activating PmaToolAnnotDim
LiveUI: Deactivating PmaToolAnnotDim
LiveUI: Activating PmaToolAnnotDim
LiveUI: Deactivating PmaToolAnnotDim
LiveUI: Activating PmaToolAnnotDim
LiveUI: Deactivating PmaToolAnnotDim
LiveUI: Activating PmaToolAnnotDim
LiveUI: Deactivating PmaToolAnnotDim
LiveUI: Activating PmaToolAnnotDim
LiveUI: Deactivating PmaToolAnnotDim
LiveUI: Activating PmaToolAnnotDim
LiveUI: Deactivating PmaToolAnnotDim
LiveUI: Activating PmaToolAnnotDim
LiveUI: Deactivating PmaToolAnnotDim
LiveUI: Activating PmaToolAnnotDim
LiveUI: Deactivating PmaToolAnnotDim
LiveUI: Activating PmaToolAnnotDim
LiveUI: Deactivating PmaToolAnnotDim
LiveUI: Activating PmaToolAnnotDim
LiveUI: Deactivating PmaToolAnnotDim
LiveUI: Activating PmaToolAnnotDim
LiveUI: Deactivating PmaToolAnnotDim
LiveUI: Activating PmaToolAnnotDim
LiveUI: Deactivating PmaToolAnnotDim
LiveUI: Activating PmaToolAnnotDim
LiveUI: Deactivating PmaToolAnnotDim
